ERROR - 2024-05-30 10:49:07 --> mysqli_sql_exception: Table 'euro2024.player' doesn't exist in /var/www/html/euro2024/system/Database/MySQLi/Connection.php:308
Stack trace:
#0 /var/www/html/euro2024/system/Database/MySQLi/Connection.php(308): mysqli->query()
#1 /var/www/html/euro2024/system/Database/BaseConnection.php(722): CodeIgniter\Database\MySQLi\Connection->execute()
#2 /var/www/html/euro2024/system/Database/BaseConnection.php(636): CodeIgniter\Database\BaseConnection->simpleQuery()
#3 /var/www/html/euro2024/system/Database/BaseBuilder.php(1629): CodeIgniter\Database\BaseConnection->query()
#4 /var/www/html/euro2024/system/Model.php(275): CodeIgniter\Database\BaseBuilder->get()
#5 /var/www/html/euro2024/system/BaseModel.php(676): CodeIgniter\Model->doFindAll()
#6 /var/www/html/euro2024/app/Controllers/PlayerController.php(76): CodeIgniter\BaseModel->findAll()
#7 /var/www/html/euro2024/system/CodeIgniter.php(933): App\Controllers\PlayerController->get()
#8 /var/www/html/euro2024/system/CodeIgniter.php(509): CodeIgniter\CodeIgniter->runController()
#9 /var/www/html/euro2024/system/CodeIgniter.php(355): CodeIgniter\CodeIgniter->handleRequest()
#10 /var/www/html/euro2024/system/Boot.php(312): CodeIgniter\CodeIgniter->run()
#11 /var/www/html/euro2024/system/Boot.php(67): CodeIgniter\Boot::runCodeIgniter()
#12 /var/www/html/euro2024/public/index.php(56): CodeIgniter\Boot::bootWeb()
#13 {main}
CRITICAL - 2024-05-30 10:49:07 --> CodeIgniter\Database\Exceptions\DatabaseException: Table 'euro2024.player' doesn't exist
[Method: GET, Route: api/v1/player]
in SYSTEMPATH/Database/BaseConnection.php on line 676.
 1 SYSTEMPATH/Database/BaseBuilder.php(1629): CodeIgniter\Database\BaseConnection->query()
 2 SYSTEMPATH/Model.php(275): CodeIgniter\Database\BaseBuilder->get()
 3 SYSTEMPATH/BaseModel.php(676): CodeIgniter\Model->doFindAll()
 4 APPPATH/Controllers/PlayerController.php(76): CodeIgniter\BaseModel->findAll()
 5 SYSTEMPATH/CodeIgniter.php(933): App\Controllers\PlayerController->get()
 6 SYSTEMPATH/CodeIgniter.php(509): CodeIgniter\CodeIgniter->runController()
 7 SYSTEMPATH/CodeIgniter.php(355): CodeIgniter\CodeIgniter->handleRequest()
 8 SYSTEMPATH/Boot.php(312): CodeIgniter\CodeIgniter->run()
 9 SYSTEMPATH/Boot.php(67): CodeIgniter\Boot::runCodeIgniter()
10 FCPATH/index.php(56): CodeIgniter\Boot::bootWeb()
CRITICAL - 2024-05-30 10:49:07 --> [Caused by] CodeIgniter\Database\Exceptions\DatabaseException: Table 'euro2024.player' doesn't exist
in SYSTEMPATH/Database/MySQLi/Connection.php on line 313.
 1 SYSTEMPATH/Database/BaseConnection.php(722): CodeIgniter\Database\MySQLi\Connection->execute()
 2 SYSTEMPATH/Database/BaseConnection.php(636): CodeIgniter\Database\BaseConnection->simpleQuery()
 3 SYSTEMPATH/Database/BaseBuilder.php(1629): CodeIgniter\Database\BaseConnection->query()
 4 SYSTEMPATH/Model.php(275): CodeIgniter\Database\BaseBuilder->get()
 5 SYSTEMPATH/BaseModel.php(676): CodeIgniter\Model->doFindAll()
 6 APPPATH/Controllers/PlayerController.php(76): CodeIgniter\BaseModel->findAll()
 7 SYSTEMPATH/CodeIgniter.php(933): App\Controllers\PlayerController->get()
 8 SYSTEMPATH/CodeIgniter.php(509): CodeIgniter\CodeIgniter->runController()
 9 SYSTEMPATH/CodeIgniter.php(355): CodeIgniter\CodeIgniter->handleRequest()
10 SYSTEMPATH/Boot.php(312): CodeIgniter\CodeIgniter->run()
11 SYSTEMPATH/Boot.php(67): CodeIgniter\Boot::runCodeIgniter()
12 FCPATH/index.php(56): CodeIgniter\Boot::bootWeb()
CRITICAL - 2024-05-30 10:49:07 --> [Caused by] mysqli_sql_exception: Table 'euro2024.player' doesn't exist
in SYSTEMPATH/Database/MySQLi/Connection.php on line 308.
 1 SYSTEMPATH/Database/MySQLi/Connection.php(308): mysqli->query()
 2 SYSTEMPATH/Database/BaseConnection.php(722): CodeIgniter\Database\MySQLi\Connection->execute()
 3 SYSTEMPATH/Database/BaseConnection.php(636): CodeIgniter\Database\BaseConnection->simpleQuery()
 4 SYSTEMPATH/Database/BaseBuilder.php(1629): CodeIgniter\Database\BaseConnection->query()
 5 SYSTEMPATH/Model.php(275): CodeIgniter\Database\BaseBuilder->get()
 6 SYSTEMPATH/BaseModel.php(676): CodeIgniter\Model->doFindAll()
 7 APPPATH/Controllers/PlayerController.php(76): CodeIgniter\BaseModel->findAll()
 8 SYSTEMPATH/CodeIgniter.php(933): App\Controllers\PlayerController->get()
 9 SYSTEMPATH/CodeIgniter.php(509): CodeIgniter\CodeIgniter->runController()
10 SYSTEMPATH/CodeIgniter.php(355): CodeIgniter\CodeIgniter->handleRequest()
11 SYSTEMPATH/Boot.php(312): CodeIgniter\CodeIgniter->run()
12 SYSTEMPATH/Boot.php(67): CodeIgniter\Boot::runCodeIgniter()
13 FCPATH/index.php(56): CodeIgniter\Boot::bootWeb()
ERROR - 2024-05-30 10:49:40 --> mysqli_sql_exception: Table 'euro2024.player' doesn't exist in /var/www/html/euro2024/system/Database/MySQLi/Connection.php:308
Stack trace:
#0 /var/www/html/euro2024/system/Database/MySQLi/Connection.php(308): mysqli->query()
#1 /var/www/html/euro2024/system/Database/BaseConnection.php(722): CodeIgniter\Database\MySQLi\Connection->execute()
#2 /var/www/html/euro2024/system/Database/BaseConnection.php(636): CodeIgniter\Database\BaseConnection->simpleQuery()
#3 /var/www/html/euro2024/system/Database/BaseBuilder.php(1629): CodeIgniter\Database\BaseConnection->query()
#4 /var/www/html/euro2024/system/Model.php(275): CodeIgniter\Database\BaseBuilder->get()
#5 /var/www/html/euro2024/system/BaseModel.php(676): CodeIgniter\Model->doFindAll()
#6 /var/www/html/euro2024/app/Controllers/PlayerController.php(76): CodeIgniter\BaseModel->findAll()
#7 /var/www/html/euro2024/system/CodeIgniter.php(933): App\Controllers\PlayerController->get()
#8 /var/www/html/euro2024/system/CodeIgniter.php(509): CodeIgniter\CodeIgniter->runController()
#9 /var/www/html/euro2024/system/CodeIgniter.php(355): CodeIgniter\CodeIgniter->handleRequest()
#10 /var/www/html/euro2024/system/Boot.php(312): CodeIgniter\CodeIgniter->run()
#11 /var/www/html/euro2024/system/Boot.php(67): CodeIgniter\Boot::runCodeIgniter()
#12 /var/www/html/euro2024/public/index.php(56): CodeIgniter\Boot::bootWeb()
#13 {main}
CRITICAL - 2024-05-30 10:49:40 --> CodeIgniter\Database\Exceptions\DatabaseException: Table 'euro2024.player' doesn't exist
[Method: GET, Route: api/v1/player]
in SYSTEMPATH/Database/BaseConnection.php on line 676.
 1 SYSTEMPATH/Database/BaseBuilder.php(1629): CodeIgniter\Database\BaseConnection->query()
 2 SYSTEMPATH/Model.php(275): CodeIgniter\Database\BaseBuilder->get()
 3 SYSTEMPATH/BaseModel.php(676): CodeIgniter\Model->doFindAll()
 4 APPPATH/Controllers/PlayerController.php(76): CodeIgniter\BaseModel->findAll()
 5 SYSTEMPATH/CodeIgniter.php(933): App\Controllers\PlayerController->get()
 6 SYSTEMPATH/CodeIgniter.php(509): CodeIgniter\CodeIgniter->runController()
 7 SYSTEMPATH/CodeIgniter.php(355): CodeIgniter\CodeIgniter->handleRequest()
 8 SYSTEMPATH/Boot.php(312): CodeIgniter\CodeIgniter->run()
 9 SYSTEMPATH/Boot.php(67): CodeIgniter\Boot::runCodeIgniter()
10 FCPATH/index.php(56): CodeIgniter\Boot::bootWeb()
CRITICAL - 2024-05-30 10:49:40 --> [Caused by] CodeIgniter\Database\Exceptions\DatabaseException: Table 'euro2024.player' doesn't exist
in SYSTEMPATH/Database/MySQLi/Connection.php on line 313.
 1 SYSTEMPATH/Database/BaseConnection.php(722): CodeIgniter\Database\MySQLi\Connection->execute()
 2 SYSTEMPATH/Database/BaseConnection.php(636): CodeIgniter\Database\BaseConnection->simpleQuery()
 3 SYSTEMPATH/Database/BaseBuilder.php(1629): CodeIgniter\Database\BaseConnection->query()
 4 SYSTEMPATH/Model.php(275): CodeIgniter\Database\BaseBuilder->get()
 5 SYSTEMPATH/BaseModel.php(676): CodeIgniter\Model->doFindAll()
 6 APPPATH/Controllers/PlayerController.php(76): CodeIgniter\BaseModel->findAll()
 7 SYSTEMPATH/CodeIgniter.php(933): App\Controllers\PlayerController->get()
 8 SYSTEMPATH/CodeIgniter.php(509): CodeIgniter\CodeIgniter->runController()
 9 SYSTEMPATH/CodeIgniter.php(355): CodeIgniter\CodeIgniter->handleRequest()
10 SYSTEMPATH/Boot.php(312): CodeIgniter\CodeIgniter->run()
11 SYSTEMPATH/Boot.php(67): CodeIgniter\Boot::runCodeIgniter()
12 FCPATH/index.php(56): CodeIgniter\Boot::bootWeb()
CRITICAL - 2024-05-30 10:49:40 --> [Caused by] mysqli_sql_exception: Table 'euro2024.player' doesn't exist
in SYSTEMPATH/Database/MySQLi/Connection.php on line 308.
 1 SYSTEMPATH/Database/MySQLi/Connection.php(308): mysqli->query()
 2 SYSTEMPATH/Database/BaseConnection.php(722): CodeIgniter\Database\MySQLi\Connection->execute()
 3 SYSTEMPATH/Database/BaseConnection.php(636): CodeIgniter\Database\BaseConnection->simpleQuery()
 4 SYSTEMPATH/Database/BaseBuilder.php(1629): CodeIgniter\Database\BaseConnection->query()
 5 SYSTEMPATH/Model.php(275): CodeIgniter\Database\BaseBuilder->get()
 6 SYSTEMPATH/BaseModel.php(676): CodeIgniter\Model->doFindAll()
 7 APPPATH/Controllers/PlayerController.php(76): CodeIgniter\BaseModel->findAll()
 8 SYSTEMPATH/CodeIgniter.php(933): App\Controllers\PlayerController->get()
 9 SYSTEMPATH/CodeIgniter.php(509): CodeIgniter\CodeIgniter->runController()
10 SYSTEMPATH/CodeIgniter.php(355): CodeIgniter\CodeIgniter->handleRequest()
11 SYSTEMPATH/Boot.php(312): CodeIgniter\CodeIgniter->run()
12 SYSTEMPATH/Boot.php(67): CodeIgniter\Boot::runCodeIgniter()
13 FCPATH/index.php(56): CodeIgniter\Boot::bootWeb()
ERROR - 2024-05-30 10:49:41 --> mysqli_sql_exception: Table 'euro2024.player' doesn't exist in /var/www/html/euro2024/system/Database/MySQLi/Connection.php:308
Stack trace:
#0 /var/www/html/euro2024/system/Database/MySQLi/Connection.php(308): mysqli->query()
#1 /var/www/html/euro2024/system/Database/BaseConnection.php(722): CodeIgniter\Database\MySQLi\Connection->execute()
#2 /var/www/html/euro2024/system/Database/BaseConnection.php(636): CodeIgniter\Database\BaseConnection->simpleQuery()
#3 /var/www/html/euro2024/system/Database/BaseBuilder.php(1629): CodeIgniter\Database\BaseConnection->query()
#4 /var/www/html/euro2024/system/Model.php(275): CodeIgniter\Database\BaseBuilder->get()
#5 /var/www/html/euro2024/system/BaseModel.php(676): CodeIgniter\Model->doFindAll()
#6 /var/www/html/euro2024/app/Controllers/PlayerController.php(76): CodeIgniter\BaseModel->findAll()
#7 /var/www/html/euro2024/system/CodeIgniter.php(933): App\Controllers\PlayerController->get()
#8 /var/www/html/euro2024/system/CodeIgniter.php(509): CodeIgniter\CodeIgniter->runController()
#9 /var/www/html/euro2024/system/CodeIgniter.php(355): CodeIgniter\CodeIgniter->handleRequest()
#10 /var/www/html/euro2024/system/Boot.php(312): CodeIgniter\CodeIgniter->run()
#11 /var/www/html/euro2024/system/Boot.php(67): CodeIgniter\Boot::runCodeIgniter()
#12 /var/www/html/euro2024/public/index.php(56): CodeIgniter\Boot::bootWeb()
#13 {main}
CRITICAL - 2024-05-30 10:49:41 --> CodeIgniter\Database\Exceptions\DatabaseException: Table 'euro2024.player' doesn't exist
[Method: GET, Route: api/v1/player]
in SYSTEMPATH/Database/BaseConnection.php on line 676.
 1 SYSTEMPATH/Database/BaseBuilder.php(1629): CodeIgniter\Database\BaseConnection->query()
 2 SYSTEMPATH/Model.php(275): CodeIgniter\Database\BaseBuilder->get()
 3 SYSTEMPATH/BaseModel.php(676): CodeIgniter\Model->doFindAll()
 4 APPPATH/Controllers/PlayerController.php(76): CodeIgniter\BaseModel->findAll()
 5 SYSTEMPATH/CodeIgniter.php(933): App\Controllers\PlayerController->get()
 6 SYSTEMPATH/CodeIgniter.php(509): CodeIgniter\CodeIgniter->runController()
 7 SYSTEMPATH/CodeIgniter.php(355): CodeIgniter\CodeIgniter->handleRequest()
 8 SYSTEMPATH/Boot.php(312): CodeIgniter\CodeIgniter->run()
 9 SYSTEMPATH/Boot.php(67): CodeIgniter\Boot::runCodeIgniter()
10 FCPATH/index.php(56): CodeIgniter\Boot::bootWeb()
CRITICAL - 2024-05-30 10:49:41 --> [Caused by] CodeIgniter\Database\Exceptions\DatabaseException: Table 'euro2024.player' doesn't exist
in SYSTEMPATH/Database/MySQLi/Connection.php on line 313.
 1 SYSTEMPATH/Database/BaseConnection.php(722): CodeIgniter\Database\MySQLi\Connection->execute()
 2 SYSTEMPATH/Database/BaseConnection.php(636): CodeIgniter\Database\BaseConnection->simpleQuery()
 3 SYSTEMPATH/Database/BaseBuilder.php(1629): CodeIgniter\Database\BaseConnection->query()
 4 SYSTEMPATH/Model.php(275): CodeIgniter\Database\BaseBuilder->get()
 5 SYSTEMPATH/BaseModel.php(676): CodeIgniter\Model->doFindAll()
 6 APPPATH/Controllers/PlayerController.php(76): CodeIgniter\BaseModel->findAll()
 7 SYSTEMPATH/CodeIgniter.php(933): App\Controllers\PlayerController->get()
 8 SYSTEMPATH/CodeIgniter.php(509): CodeIgniter\CodeIgniter->runController()
 9 SYSTEMPATH/CodeIgniter.php(355): CodeIgniter\CodeIgniter->handleRequest()
10 SYSTEMPATH/Boot.php(312): CodeIgniter\CodeIgniter->run()
11 SYSTEMPATH/Boot.php(67): CodeIgniter\Boot::runCodeIgniter()
12 FCPATH/index.php(56): CodeIgniter\Boot::bootWeb()
CRITICAL - 2024-05-30 10:49:41 --> [Caused by] mysqli_sql_exception: Table 'euro2024.player' doesn't exist
in SYSTEMPATH/Database/MySQLi/Connection.php on line 308.
 1 SYSTEMPATH/Database/MySQLi/Connection.php(308): mysqli->query()
 2 SYSTEMPATH/Database/BaseConnection.php(722): CodeIgniter\Database\MySQLi\Connection->execute()
 3 SYSTEMPATH/Database/BaseConnection.php(636): CodeIgniter\Database\BaseConnection->simpleQuery()
 4 SYSTEMPATH/Database/BaseBuilder.php(1629): CodeIgniter\Database\BaseConnection->query()
 5 SYSTEMPATH/Model.php(275): CodeIgniter\Database\BaseBuilder->get()
 6 SYSTEMPATH/BaseModel.php(676): CodeIgniter\Model->doFindAll()
 7 APPPATH/Controllers/PlayerController.php(76): CodeIgniter\BaseModel->findAll()
 8 SYSTEMPATH/CodeIgniter.php(933): App\Controllers\PlayerController->get()
 9 SYSTEMPATH/CodeIgniter.php(509): CodeIgniter\CodeIgniter->runController()
10 SYSTEMPATH/CodeIgniter.php(355): CodeIgniter\CodeIgniter->handleRequest()
11 SYSTEMPATH/Boot.php(312): CodeIgniter\CodeIgniter->run()
12 SYSTEMPATH/Boot.php(67): CodeIgniter\Boot::runCodeIgniter()
13 FCPATH/index.php(56): CodeIgniter\Boot::bootWeb()
ERROR - 2024-05-30 10:49:50 --> mysqli_sql_exception: Table 'euro2024.team' doesn't exist in /var/www/html/euro2024/system/Database/MySQLi/Connection.php:308
Stack trace:
#0 /var/www/html/euro2024/system/Database/MySQLi/Connection.php(308): mysqli->query()
#1 /var/www/html/euro2024/system/Database/BaseConnection.php(722): CodeIgniter\Database\MySQLi\Connection->execute()
#2 /var/www/html/euro2024/system/Database/BaseConnection.php(636): CodeIgniter\Database\BaseConnection->simpleQuery()
#3 /var/www/html/euro2024/system/Database/BaseBuilder.php(1629): CodeIgniter\Database\BaseConnection->query()
#4 /var/www/html/euro2024/system/Model.php(275): CodeIgniter\Database\BaseBuilder->get()
#5 /var/www/html/euro2024/system/BaseModel.php(676): CodeIgniter\Model->doFindAll()
#6 /var/www/html/euro2024/app/Controllers/TeamController.php(43): CodeIgniter\BaseModel->findAll()
#7 /var/www/html/euro2024/system/CodeIgniter.php(933): App\Controllers\TeamController->get()
#8 /var/www/html/euro2024/system/CodeIgniter.php(509): CodeIgniter\CodeIgniter->runController()
#9 /var/www/html/euro2024/system/CodeIgniter.php(355): CodeIgniter\CodeIgniter->handleRequest()
#10 /var/www/html/euro2024/system/Boot.php(312): CodeIgniter\CodeIgniter->run()
#11 /var/www/html/euro2024/system/Boot.php(67): CodeIgniter\Boot::runCodeIgniter()
#12 /var/www/html/euro2024/public/index.php(56): CodeIgniter\Boot::bootWeb()
#13 {main}
CRITICAL - 2024-05-30 10:49:50 --> CodeIgniter\Database\Exceptions\DatabaseException: Table 'euro2024.team' doesn't exist
[Method: GET, Route: api/v1/team]
in SYSTEMPATH/Database/BaseConnection.php on line 676.
 1 SYSTEMPATH/Database/BaseBuilder.php(1629): CodeIgniter\Database\BaseConnection->query()
 2 SYSTEMPATH/Model.php(275): CodeIgniter\Database\BaseBuilder->get()
 3 SYSTEMPATH/BaseModel.php(676): CodeIgniter\Model->doFindAll()
 4 APPPATH/Controllers/TeamController.php(43): CodeIgniter\BaseModel->findAll()
 5 SYSTEMPATH/CodeIgniter.php(933): App\Controllers\TeamController->get()
 6 SYSTEMPATH/CodeIgniter.php(509): CodeIgniter\CodeIgniter->runController()
 7 SYSTEMPATH/CodeIgniter.php(355): CodeIgniter\CodeIgniter->handleRequest()
 8 SYSTEMPATH/Boot.php(312): CodeIgniter\CodeIgniter->run()
 9 SYSTEMPATH/Boot.php(67): CodeIgniter\Boot::runCodeIgniter()
10 FCPATH/index.php(56): CodeIgniter\Boot::bootWeb()
CRITICAL - 2024-05-30 10:49:50 --> [Caused by] CodeIgniter\Database\Exceptions\DatabaseException: Table 'euro2024.team' doesn't exist
in SYSTEMPATH/Database/MySQLi/Connection.php on line 313.
 1 SYSTEMPATH/Database/BaseConnection.php(722): CodeIgniter\Database\MySQLi\Connection->execute()
 2 SYSTEMPATH/Database/BaseConnection.php(636): CodeIgniter\Database\BaseConnection->simpleQuery()
 3 SYSTEMPATH/Database/BaseBuilder.php(1629): CodeIgniter\Database\BaseConnection->query()
 4 SYSTEMPATH/Model.php(275): CodeIgniter\Database\BaseBuilder->get()
 5 SYSTEMPATH/BaseModel.php(676): CodeIgniter\Model->doFindAll()
 6 APPPATH/Controllers/TeamController.php(43): CodeIgniter\BaseModel->findAll()
 7 SYSTEMPATH/CodeIgniter.php(933): App\Controllers\TeamController->get()
 8 SYSTEMPATH/CodeIgniter.php(509): CodeIgniter\CodeIgniter->runController()
 9 SYSTEMPATH/CodeIgniter.php(355): CodeIgniter\CodeIgniter->handleRequest()
10 SYSTEMPATH/Boot.php(312): CodeIgniter\CodeIgniter->run()
11 SYSTEMPATH/Boot.php(67): CodeIgniter\Boot::runCodeIgniter()
12 FCPATH/index.php(56): CodeIgniter\Boot::bootWeb()
CRITICAL - 2024-05-30 10:49:50 --> [Caused by] mysqli_sql_exception: Table 'euro2024.team' doesn't exist
in SYSTEMPATH/Database/MySQLi/Connection.php on line 308.
 1 SYSTEMPATH/Database/MySQLi/Connection.php(308): mysqli->query()
 2 SYSTEMPATH/Database/BaseConnection.php(722): CodeIgniter\Database\MySQLi\Connection->execute()
 3 SYSTEMPATH/Database/BaseConnection.php(636): CodeIgniter\Database\BaseConnection->simpleQuery()
 4 SYSTEMPATH/Database/BaseBuilder.php(1629): CodeIgniter\Database\BaseConnection->query()
 5 SYSTEMPATH/Model.php(275): CodeIgniter\Database\BaseBuilder->get()
 6 SYSTEMPATH/BaseModel.php(676): CodeIgniter\Model->doFindAll()
 7 APPPATH/Controllers/TeamController.php(43): CodeIgniter\BaseModel->findAll()
 8 SYSTEMPATH/CodeIgniter.php(933): App\Controllers\TeamController->get()
 9 SYSTEMPATH/CodeIgniter.php(509): CodeIgniter\CodeIgniter->runController()
10 SYSTEMPATH/CodeIgniter.php(355): CodeIgniter\CodeIgniter->handleRequest()
11 SYSTEMPATH/Boot.php(312): CodeIgniter\CodeIgniter->run()
12 SYSTEMPATH/Boot.php(67): CodeIgniter\Boot::runCodeIgniter()
13 FCPATH/index.php(56): CodeIgniter\Boot::bootWeb()
ERROR - 2024-05-30 10:50:26 --> mysqli_sql_exception: Table 'euro2024.player' doesn't exist in /var/www/html/euro2024/system/Database/MySQLi/Connection.php:308
Stack trace:
#0 /var/www/html/euro2024/system/Database/MySQLi/Connection.php(308): mysqli->query()
#1 /var/www/html/euro2024/system/Database/BaseConnection.php(722): CodeIgniter\Database\MySQLi\Connection->execute()
#2 /var/www/html/euro2024/system/Database/BaseConnection.php(636): CodeIgniter\Database\BaseConnection->simpleQuery()
#3 /var/www/html/euro2024/system/Database/BaseBuilder.php(1629): CodeIgniter\Database\BaseConnection->query()
#4 /var/www/html/euro2024/system/Model.php(275): CodeIgniter\Database\BaseBuilder->get()
#5 /var/www/html/euro2024/system/BaseModel.php(676): CodeIgniter\Model->doFindAll()
#6 /var/www/html/euro2024/app/Controllers/PlayerController.php(76): CodeIgniter\BaseModel->findAll()
#7 /var/www/html/euro2024/system/CodeIgniter.php(933): App\Controllers\PlayerController->get()
#8 /var/www/html/euro2024/system/CodeIgniter.php(509): CodeIgniter\CodeIgniter->runController()
#9 /var/www/html/euro2024/system/CodeIgniter.php(355): CodeIgniter\CodeIgniter->handleRequest()
#10 /var/www/html/euro2024/system/Boot.php(312): CodeIgniter\CodeIgniter->run()
#11 /var/www/html/euro2024/system/Boot.php(67): CodeIgniter\Boot::runCodeIgniter()
#12 /var/www/html/euro2024/public/index.php(56): CodeIgniter\Boot::bootWeb()
#13 {main}
CRITICAL - 2024-05-30 10:50:26 --> CodeIgniter\Database\Exceptions\DatabaseException: Table 'euro2024.player' doesn't exist
[Method: GET, Route: api/v1/player]
in SYSTEMPATH/Database/BaseConnection.php on line 676.
 1 SYSTEMPATH/Database/BaseBuilder.php(1629): CodeIgniter\Database\BaseConnection->query()
 2 SYSTEMPATH/Model.php(275): CodeIgniter\Database\BaseBuilder->get()
 3 SYSTEMPATH/BaseModel.php(676): CodeIgniter\Model->doFindAll()
 4 APPPATH/Controllers/PlayerController.php(76): CodeIgniter\BaseModel->findAll()
 5 SYSTEMPATH/CodeIgniter.php(933): App\Controllers\PlayerController->get()
 6 SYSTEMPATH/CodeIgniter.php(509): CodeIgniter\CodeIgniter->runController()
 7 SYSTEMPATH/CodeIgniter.php(355): CodeIgniter\CodeIgniter->handleRequest()
 8 SYSTEMPATH/Boot.php(312): CodeIgniter\CodeIgniter->run()
 9 SYSTEMPATH/Boot.php(67): CodeIgniter\Boot::runCodeIgniter()
10 FCPATH/index.php(56): CodeIgniter\Boot::bootWeb()
CRITICAL - 2024-05-30 10:50:26 --> [Caused by] CodeIgniter\Database\Exceptions\DatabaseException: Table 'euro2024.player' doesn't exist
in SYSTEMPATH/Database/MySQLi/Connection.php on line 313.
 1 SYSTEMPATH/Database/BaseConnection.php(722): CodeIgniter\Database\MySQLi\Connection->execute()
 2 SYSTEMPATH/Database/BaseConnection.php(636): CodeIgniter\Database\BaseConnection->simpleQuery()
 3 SYSTEMPATH/Database/BaseBuilder.php(1629): CodeIgniter\Database\BaseConnection->query()
 4 SYSTEMPATH/Model.php(275): CodeIgniter\Database\BaseBuilder->get()
 5 SYSTEMPATH/BaseModel.php(676): CodeIgniter\Model->doFindAll()
 6 APPPATH/Controllers/PlayerController.php(76): CodeIgniter\BaseModel->findAll()
 7 SYSTEMPATH/CodeIgniter.php(933): App\Controllers\PlayerController->get()
 8 SYSTEMPATH/CodeIgniter.php(509): CodeIgniter\CodeIgniter->runController()
 9 SYSTEMPATH/CodeIgniter.php(355): CodeIgniter\CodeIgniter->handleRequest()
10 SYSTEMPATH/Boot.php(312): CodeIgniter\CodeIgniter->run()
11 SYSTEMPATH/Boot.php(67): CodeIgniter\Boot::runCodeIgniter()
12 FCPATH/index.php(56): CodeIgniter\Boot::bootWeb()
CRITICAL - 2024-05-30 10:50:26 --> [Caused by] mysqli_sql_exception: Table 'euro2024.player' doesn't exist
in SYSTEMPATH/Database/MySQLi/Connection.php on line 308.
 1 SYSTEMPATH/Database/MySQLi/Connection.php(308): mysqli->query()
 2 SYSTEMPATH/Database/BaseConnection.php(722): CodeIgniter\Database\MySQLi\Connection->execute()
 3 SYSTEMPATH/Database/BaseConnection.php(636): CodeIgniter\Database\BaseConnection->simpleQuery()
 4 SYSTEMPATH/Database/BaseBuilder.php(1629): CodeIgniter\Database\BaseConnection->query()
 5 SYSTEMPATH/Model.php(275): CodeIgniter\Database\BaseBuilder->get()
 6 SYSTEMPATH/BaseModel.php(676): CodeIgniter\Model->doFindAll()
 7 APPPATH/Controllers/PlayerController.php(76): CodeIgniter\BaseModel->findAll()
 8 SYSTEMPATH/CodeIgniter.php(933): App\Controllers\PlayerController->get()
 9 SYSTEMPATH/CodeIgniter.php(509): CodeIgniter\CodeIgniter->runController()
10 SYSTEMPATH/CodeIgniter.php(355): CodeIgniter\CodeIgniter->handleRequest()
11 SYSTEMPATH/Boot.php(312): CodeIgniter\CodeIgniter->run()
12 SYSTEMPATH/Boot.php(67): CodeIgniter\Boot::runCodeIgniter()
13 FCPATH/index.php(56): CodeIgniter\Boot::bootWeb()
ERROR - 2024-05-30 10:50:47 --> mysqli_sql_exception: Table 'euro2024.team' doesn't exist in /var/www/html/euro2024/system/Database/MySQLi/Connection.php:308
Stack trace:
#0 /var/www/html/euro2024/system/Database/MySQLi/Connection.php(308): mysqli->query()
#1 /var/www/html/euro2024/system/Database/BaseConnection.php(722): CodeIgniter\Database\MySQLi\Connection->execute()
#2 /var/www/html/euro2024/system/Database/BaseConnection.php(636): CodeIgniter\Database\BaseConnection->simpleQuery()
#3 /var/www/html/euro2024/system/Database/BaseBuilder.php(1629): CodeIgniter\Database\BaseConnection->query()
#4 /var/www/html/euro2024/system/Model.php(275): CodeIgniter\Database\BaseBuilder->get()
#5 /var/www/html/euro2024/system/BaseModel.php(676): CodeIgniter\Model->doFindAll()
#6 /var/www/html/euro2024/app/Controllers/TeamController.php(43): CodeIgniter\BaseModel->findAll()
#7 /var/www/html/euro2024/system/CodeIgniter.php(933): App\Controllers\TeamController->get()
#8 /var/www/html/euro2024/system/CodeIgniter.php(509): CodeIgniter\CodeIgniter->runController()
#9 /var/www/html/euro2024/system/CodeIgniter.php(355): CodeIgniter\CodeIgniter->handleRequest()
#10 /var/www/html/euro2024/system/Boot.php(312): CodeIgniter\CodeIgniter->run()
#11 /var/www/html/euro2024/system/Boot.php(67): CodeIgniter\Boot::runCodeIgniter()
#12 /var/www/html/euro2024/public/index.php(56): CodeIgniter\Boot::bootWeb()
#13 {main}
CRITICAL - 2024-05-30 10:50:47 --> CodeIgniter\Database\Exceptions\DatabaseException: Table 'euro2024.team' doesn't exist
[Method: GET, Route: api/v1/team/]
in SYSTEMPATH/Database/BaseConnection.php on line 676.
 1 SYSTEMPATH/Database/BaseBuilder.php(1629): CodeIgniter\Database\BaseConnection->query()
 2 SYSTEMPATH/Model.php(275): CodeIgniter\Database\BaseBuilder->get()
 3 SYSTEMPATH/BaseModel.php(676): CodeIgniter\Model->doFindAll()
 4 APPPATH/Controllers/TeamController.php(43): CodeIgniter\BaseModel->findAll()
 5 SYSTEMPATH/CodeIgniter.php(933): App\Controllers\TeamController->get()
 6 SYSTEMPATH/CodeIgniter.php(509): CodeIgniter\CodeIgniter->runController()
 7 SYSTEMPATH/CodeIgniter.php(355): CodeIgniter\CodeIgniter->handleRequest()
 8 SYSTEMPATH/Boot.php(312): CodeIgniter\CodeIgniter->run()
 9 SYSTEMPATH/Boot.php(67): CodeIgniter\Boot::runCodeIgniter()
10 FCPATH/index.php(56): CodeIgniter\Boot::bootWeb()
CRITICAL - 2024-05-30 10:50:47 --> [Caused by] CodeIgniter\Database\Exceptions\DatabaseException: Table 'euro2024.team' doesn't exist
in SYSTEMPATH/Database/MySQLi/Connection.php on line 313.
 1 SYSTEMPATH/Database/BaseConnection.php(722): CodeIgniter\Database\MySQLi\Connection->execute()
 2 SYSTEMPATH/Database/BaseConnection.php(636): CodeIgniter\Database\BaseConnection->simpleQuery()
 3 SYSTEMPATH/Database/BaseBuilder.php(1629): CodeIgniter\Database\BaseConnection->query()
 4 SYSTEMPATH/Model.php(275): CodeIgniter\Database\BaseBuilder->get()
 5 SYSTEMPATH/BaseModel.php(676): CodeIgniter\Model->doFindAll()
 6 APPPATH/Controllers/TeamController.php(43): CodeIgniter\BaseModel->findAll()
 7 SYSTEMPATH/CodeIgniter.php(933): App\Controllers\TeamController->get()
 8 SYSTEMPATH/CodeIgniter.php(509): CodeIgniter\CodeIgniter->runController()
 9 SYSTEMPATH/CodeIgniter.php(355): CodeIgniter\CodeIgniter->handleRequest()
10 SYSTEMPATH/Boot.php(312): CodeIgniter\CodeIgniter->run()
11 SYSTEMPATH/Boot.php(67): CodeIgniter\Boot::runCodeIgniter()
12 FCPATH/index.php(56): CodeIgniter\Boot::bootWeb()
CRITICAL - 2024-05-30 10:50:47 --> [Caused by] mysqli_sql_exception: Table 'euro2024.team' doesn't exist
in SYSTEMPATH/Database/MySQLi/Connection.php on line 308.
 1 SYSTEMPATH/Database/MySQLi/Connection.php(308): mysqli->query()
 2 SYSTEMPATH/Database/BaseConnection.php(722): CodeIgniter\Database\MySQLi\Connection->execute()
 3 SYSTEMPATH/Database/BaseConnection.php(636): CodeIgniter\Database\BaseConnection->simpleQuery()
 4 SYSTEMPATH/Database/BaseBuilder.php(1629): CodeIgniter\Database\BaseConnection->query()
 5 SYSTEMPATH/Model.php(275): CodeIgniter\Database\BaseBuilder->get()
 6 SYSTEMPATH/BaseModel.php(676): CodeIgniter\Model->doFindAll()
 7 APPPATH/Controllers/TeamController.php(43): CodeIgniter\BaseModel->findAll()
 8 SYSTEMPATH/CodeIgniter.php(933): App\Controllers\TeamController->get()
 9 SYSTEMPATH/CodeIgniter.php(509): CodeIgniter\CodeIgniter->runController()
10 SYSTEMPATH/CodeIgniter.php(355): CodeIgniter\CodeIgniter->handleRequest()
11 SYSTEMPATH/Boot.php(312): CodeIgniter\CodeIgniter->run()
12 SYSTEMPATH/Boot.php(67): CodeIgniter\Boot::runCodeIgniter()
13 FCPATH/index.php(56): CodeIgniter\Boot::bootWeb()
ERROR - 2024-05-30 10:51:56 --> Error connecting to the database: mysqli_sql_exception: Unknown database 'euro2024' in /var/www/html/euro2024/system/Database/MySQLi/Connection.php:186
Stack trace:
#0 /var/www/html/euro2024/system/Database/MySQLi/Connection.php(186): mysqli->real_connect()
#1 /var/www/html/euro2024/system/Database/BaseConnection.php(421): CodeIgniter\Database\MySQLi\Connection->connect()
#2 /var/www/html/euro2024/system/Database/BaseConnection.php(604): CodeIgniter\Database\BaseConnection->initialize()
#3 /var/www/html/euro2024/system/Database/BaseBuilder.php(1629): CodeIgniter\Database\BaseConnection->query()
#4 /var/www/html/euro2024/system/Model.php(275): CodeIgniter\Database\BaseBuilder->get()
#5 /var/www/html/euro2024/system/BaseModel.php(676): CodeIgniter\Model->doFindAll()
#6 /var/www/html/euro2024/app/Controllers/TeamController.php(43): CodeIgniter\BaseModel->findAll()
#7 /var/www/html/euro2024/system/CodeIgniter.php(933): App\Controllers\TeamController->get()
#8 /var/www/html/euro2024/system/CodeIgniter.php(509): CodeIgniter\CodeIgniter->runController()
#9 /var/www/html/euro2024/system/CodeIgniter.php(355): CodeIgniter\CodeIgniter->handleRequest()
#10 /var/www/html/euro2024/system/Boot.php(312): CodeIgniter\CodeIgniter->run()
#11 /var/www/html/euro2024/system/Boot.php(67): CodeIgniter\Boot::runCodeIgniter()
#12 /var/www/html/euro2024/public/index.php(56): CodeIgniter\Boot::bootWeb()
#13 {main}

Next CodeIgniter\Database\Exceptions\DatabaseException: Unknown database 'euro2024' in /var/www/html/euro2024/system/Database/MySQLi/Connection.php:231
Stack trace:
#0 /var/www/html/euro2024/system/Database/BaseConnection.php(421): CodeIgniter\Database\MySQLi\Connection->connect()
#1 /var/www/html/euro2024/system/Database/BaseConnection.php(604): CodeIgniter\Database\BaseConnection->initialize()
#2 /var/www/html/euro2024/system/Database/BaseBuilder.php(1629): CodeIgniter\Database\BaseConnection->query()
#3 /var/www/html/euro2024/system/Model.php(275): CodeIgniter\Database\BaseBuilder->get()
#4 /var/www/html/euro2024/system/BaseModel.php(676): CodeIgniter\Model->doFindAll()
#5 /var/www/html/euro2024/app/Controllers/TeamController.php(43): CodeIgniter\BaseModel->findAll()
#6 /var/www/html/euro2024/system/CodeIgniter.php(933): App\Controllers\TeamController->get()
#7 /var/www/html/euro2024/system/CodeIgniter.php(509): CodeIgniter\CodeIgniter->runController()
#8 /var/www/html/euro2024/system/CodeIgniter.php(355): CodeIgniter\CodeIgniter->handleRequest()
#9 /var/www/html/euro2024/system/Boot.php(312): CodeIgniter\CodeIgniter->run()
#10 /var/www/html/euro2024/system/Boot.php(67): CodeIgniter\Boot::runCodeIgniter()
#11 /var/www/html/euro2024/public/index.php(56): CodeIgniter\Boot::bootWeb()
#12 {main}
CRITICAL - 2024-05-30 10:51:56 --> CodeIgniter\Database\Exceptions\DatabaseException: Unable to connect to the database.
Main connection [MySQLi]: Unknown database 'euro2024'
[Method: GET, Route: api/v1/team/]
in SYSTEMPATH/Database/BaseConnection.php on line 457.
 1 SYSTEMPATH/Database/BaseConnection.php(604): CodeIgniter\Database\BaseConnection->initialize()
 2 SYSTEMPATH/Database/BaseBuilder.php(1629): CodeIgniter\Database\BaseConnection->query()
 3 SYSTEMPATH/Model.php(275): CodeIgniter\Database\BaseBuilder->get()
 4 SYSTEMPATH/BaseModel.php(676): CodeIgniter\Model->doFindAll()
 5 APPPATH/Controllers/TeamController.php(43): CodeIgniter\BaseModel->findAll()
 6 SYSTEMPATH/CodeIgniter.php(933): App\Controllers\TeamController->get()
 7 SYSTEMPATH/CodeIgniter.php(509): CodeIgniter\CodeIgniter->runController()
 8 SYSTEMPATH/CodeIgniter.php(355): CodeIgniter\CodeIgniter->handleRequest()
 9 SYSTEMPATH/Boot.php(312): CodeIgniter\CodeIgniter->run()
10 SYSTEMPATH/Boot.php(67): CodeIgniter\Boot::runCodeIgniter()
11 FCPATH/index.php(56): CodeIgniter\Boot::bootWeb()
ERROR - 2024-05-30 10:52:04 --> Error connecting to the database: mysqli_sql_exception: Unknown database 'euro2024' in /var/www/html/euro2024/system/Database/MySQLi/Connection.php:186
Stack trace:
#0 /var/www/html/euro2024/system/Database/MySQLi/Connection.php(186): mysqli->real_connect()
#1 /var/www/html/euro2024/system/Database/BaseConnection.php(421): CodeIgniter\Database\MySQLi\Connection->connect()
#2 /var/www/html/euro2024/system/Database/BaseConnection.php(604): CodeIgniter\Database\BaseConnection->initialize()
#3 /var/www/html/euro2024/system/Database/BaseBuilder.php(1629): CodeIgniter\Database\BaseConnection->query()
#4 /var/www/html/euro2024/system/Model.php(275): CodeIgniter\Database\BaseBuilder->get()
#5 /var/www/html/euro2024/system/BaseModel.php(676): CodeIgniter\Model->doFindAll()
#6 /var/www/html/euro2024/app/Controllers/PlayerController.php(76): CodeIgniter\BaseModel->findAll()
#7 /var/www/html/euro2024/system/CodeIgniter.php(933): App\Controllers\PlayerController->get()
#8 /var/www/html/euro2024/system/CodeIgniter.php(509): CodeIgniter\CodeIgniter->runController()
#9 /var/www/html/euro2024/system/CodeIgniter.php(355): CodeIgniter\CodeIgniter->handleRequest()
#10 /var/www/html/euro2024/system/Boot.php(312): CodeIgniter\CodeIgniter->run()
#11 /var/www/html/euro2024/system/Boot.php(67): CodeIgniter\Boot::runCodeIgniter()
#12 /var/www/html/euro2024/public/index.php(56): CodeIgniter\Boot::bootWeb()
#13 {main}

Next CodeIgniter\Database\Exceptions\DatabaseException: Unknown database 'euro2024' in /var/www/html/euro2024/system/Database/MySQLi/Connection.php:231
Stack trace:
#0 /var/www/html/euro2024/system/Database/BaseConnection.php(421): CodeIgniter\Database\MySQLi\Connection->connect()
#1 /var/www/html/euro2024/system/Database/BaseConnection.php(604): CodeIgniter\Database\BaseConnection->initialize()
#2 /var/www/html/euro2024/system/Database/BaseBuilder.php(1629): CodeIgniter\Database\BaseConnection->query()
#3 /var/www/html/euro2024/system/Model.php(275): CodeIgniter\Database\BaseBuilder->get()
#4 /var/www/html/euro2024/system/BaseModel.php(676): CodeIgniter\Model->doFindAll()
#5 /var/www/html/euro2024/app/Controllers/PlayerController.php(76): CodeIgniter\BaseModel->findAll()
#6 /var/www/html/euro2024/system/CodeIgniter.php(933): App\Controllers\PlayerController->get()
#7 /var/www/html/euro2024/system/CodeIgniter.php(509): CodeIgniter\CodeIgniter->runController()
#8 /var/www/html/euro2024/system/CodeIgniter.php(355): CodeIgniter\CodeIgniter->handleRequest()
#9 /var/www/html/euro2024/system/Boot.php(312): CodeIgniter\CodeIgniter->run()
#10 /var/www/html/euro2024/system/Boot.php(67): CodeIgniter\Boot::runCodeIgniter()
#11 /var/www/html/euro2024/public/index.php(56): CodeIgniter\Boot::bootWeb()
#12 {main}
CRITICAL - 2024-05-30 10:52:04 --> CodeIgniter\Database\Exceptions\DatabaseException: Unable to connect to the database.
Main connection [MySQLi]: Unknown database 'euro2024'
[Method: GET, Route: api/v1/player]
in SYSTEMPATH/Database/BaseConnection.php on line 457.
 1 SYSTEMPATH/Database/BaseConnection.php(604): CodeIgniter\Database\BaseConnection->initialize()
 2 SYSTEMPATH/Database/BaseBuilder.php(1629): CodeIgniter\Database\BaseConnection->query()
 3 SYSTEMPATH/Model.php(275): CodeIgniter\Database\BaseBuilder->get()
 4 SYSTEMPATH/BaseModel.php(676): CodeIgniter\Model->doFindAll()
 5 APPPATH/Controllers/PlayerController.php(76): CodeIgniter\BaseModel->findAll()
 6 SYSTEMPATH/CodeIgniter.php(933): App\Controllers\PlayerController->get()
 7 SYSTEMPATH/CodeIgniter.php(509): CodeIgniter\CodeIgniter->runController()
 8 SYSTEMPATH/CodeIgniter.php(355): CodeIgniter\CodeIgniter->handleRequest()
 9 SYSTEMPATH/Boot.php(312): CodeIgniter\CodeIgniter->run()
10 SYSTEMPATH/Boot.php(67): CodeIgniter\Boot::runCodeIgniter()
11 FCPATH/index.php(56): CodeIgniter\Boot::bootWeb()
ERROR - 2024-05-30 10:55:42 --> mysqli_sql_exception: Table 'euro2024.player' doesn't exist in /var/www/html/euro2024/system/Database/MySQLi/Connection.php:308
Stack trace:
#0 /var/www/html/euro2024/system/Database/MySQLi/Connection.php(308): mysqli->query()
#1 /var/www/html/euro2024/system/Database/BaseConnection.php(722): CodeIgniter\Database\MySQLi\Connection->execute()
#2 /var/www/html/euro2024/system/Database/BaseConnection.php(636): CodeIgniter\Database\BaseConnection->simpleQuery()
#3 /var/www/html/euro2024/system/Database/BaseBuilder.php(1629): CodeIgniter\Database\BaseConnection->query()
#4 /var/www/html/euro2024/system/Model.php(275): CodeIgniter\Database\BaseBuilder->get()
#5 /var/www/html/euro2024/system/BaseModel.php(676): CodeIgniter\Model->doFindAll()
#6 /var/www/html/euro2024/app/Controllers/PlayerController.php(76): CodeIgniter\BaseModel->findAll()
#7 /var/www/html/euro2024/system/CodeIgniter.php(933): App\Controllers\PlayerController->get()
#8 /var/www/html/euro2024/system/CodeIgniter.php(509): CodeIgniter\CodeIgniter->runController()
#9 /var/www/html/euro2024/system/CodeIgniter.php(355): CodeIgniter\CodeIgniter->handleRequest()
#10 /var/www/html/euro2024/system/Boot.php(312): CodeIgniter\CodeIgniter->run()
#11 /var/www/html/euro2024/system/Boot.php(67): CodeIgniter\Boot::runCodeIgniter()
#12 /var/www/html/euro2024/public/index.php(56): CodeIgniter\Boot::bootWeb()
#13 {main}
CRITICAL - 2024-05-30 10:55:42 --> CodeIgniter\Database\Exceptions\DatabaseException: Table 'euro2024.player' doesn't exist
[Method: GET, Route: api/v1/player]
in SYSTEMPATH/Database/BaseConnection.php on line 676.
 1 SYSTEMPATH/Database/BaseBuilder.php(1629): CodeIgniter\Database\BaseConnection->query()
 2 SYSTEMPATH/Model.php(275): CodeIgniter\Database\BaseBuilder->get()
 3 SYSTEMPATH/BaseModel.php(676): CodeIgniter\Model->doFindAll()
 4 APPPATH/Controllers/PlayerController.php(76): CodeIgniter\BaseModel->findAll()
 5 SYSTEMPATH/CodeIgniter.php(933): App\Controllers\PlayerController->get()
 6 SYSTEMPATH/CodeIgniter.php(509): CodeIgniter\CodeIgniter->runController()
 7 SYSTEMPATH/CodeIgniter.php(355): CodeIgniter\CodeIgniter->handleRequest()
 8 SYSTEMPATH/Boot.php(312): CodeIgniter\CodeIgniter->run()
 9 SYSTEMPATH/Boot.php(67): CodeIgniter\Boot::runCodeIgniter()
10 FCPATH/index.php(56): CodeIgniter\Boot::bootWeb()
CRITICAL - 2024-05-30 10:55:42 --> [Caused by] CodeIgniter\Database\Exceptions\DatabaseException: Table 'euro2024.player' doesn't exist
in SYSTEMPATH/Database/MySQLi/Connection.php on line 313.
 1 SYSTEMPATH/Database/BaseConnection.php(722): CodeIgniter\Database\MySQLi\Connection->execute()
 2 SYSTEMPATH/Database/BaseConnection.php(636): CodeIgniter\Database\BaseConnection->simpleQuery()
 3 SYSTEMPATH/Database/BaseBuilder.php(1629): CodeIgniter\Database\BaseConnection->query()
 4 SYSTEMPATH/Model.php(275): CodeIgniter\Database\BaseBuilder->get()
 5 SYSTEMPATH/BaseModel.php(676): CodeIgniter\Model->doFindAll()
 6 APPPATH/Controllers/PlayerController.php(76): CodeIgniter\BaseModel->findAll()
 7 SYSTEMPATH/CodeIgniter.php(933): App\Controllers\PlayerController->get()
 8 SYSTEMPATH/CodeIgniter.php(509): CodeIgniter\CodeIgniter->runController()
 9 SYSTEMPATH/CodeIgniter.php(355): CodeIgniter\CodeIgniter->handleRequest()
10 SYSTEMPATH/Boot.php(312): CodeIgniter\CodeIgniter->run()
11 SYSTEMPATH/Boot.php(67): CodeIgniter\Boot::runCodeIgniter()
12 FCPATH/index.php(56): CodeIgniter\Boot::bootWeb()
CRITICAL - 2024-05-30 10:55:42 --> [Caused by] mysqli_sql_exception: Table 'euro2024.player' doesn't exist
in SYSTEMPATH/Database/MySQLi/Connection.php on line 308.
 1 SYSTEMPATH/Database/MySQLi/Connection.php(308): mysqli->query()
 2 SYSTEMPATH/Database/BaseConnection.php(722): CodeIgniter\Database\MySQLi\Connection->execute()
 3 SYSTEMPATH/Database/BaseConnection.php(636): CodeIgniter\Database\BaseConnection->simpleQuery()
 4 SYSTEMPATH/Database/BaseBuilder.php(1629): CodeIgniter\Database\BaseConnection->query()
 5 SYSTEMPATH/Model.php(275): CodeIgniter\Database\BaseBuilder->get()
 6 SYSTEMPATH/BaseModel.php(676): CodeIgniter\Model->doFindAll()
 7 APPPATH/Controllers/PlayerController.php(76): CodeIgniter\BaseModel->findAll()
 8 SYSTEMPATH/CodeIgniter.php(933): App\Controllers\PlayerController->get()
 9 SYSTEMPATH/CodeIgniter.php(509): CodeIgniter\CodeIgniter->runController()
10 SYSTEMPATH/CodeIgniter.php(355): CodeIgniter\CodeIgniter->handleRequest()
11 SYSTEMPATH/Boot.php(312): CodeIgniter\CodeIgniter->run()
12 SYSTEMPATH/Boot.php(67): CodeIgniter\Boot::runCodeIgniter()
13 FCPATH/index.php(56): CodeIgniter\Boot::bootWeb()
ERROR - 2024-05-30 10:55:43 --> mysqli_sql_exception: Table 'euro2024.player' doesn't exist in /var/www/html/euro2024/system/Database/MySQLi/Connection.php:308
Stack trace:
#0 /var/www/html/euro2024/system/Database/MySQLi/Connection.php(308): mysqli->query()
#1 /var/www/html/euro2024/system/Database/BaseConnection.php(722): CodeIgniter\Database\MySQLi\Connection->execute()
#2 /var/www/html/euro2024/system/Database/BaseConnection.php(636): CodeIgniter\Database\BaseConnection->simpleQuery()
#3 /var/www/html/euro2024/system/Database/BaseBuilder.php(1629): CodeIgniter\Database\BaseConnection->query()
#4 /var/www/html/euro2024/system/Model.php(275): CodeIgniter\Database\BaseBuilder->get()
#5 /var/www/html/euro2024/system/BaseModel.php(676): CodeIgniter\Model->doFindAll()
#6 /var/www/html/euro2024/app/Controllers/PlayerController.php(76): CodeIgniter\BaseModel->findAll()
#7 /var/www/html/euro2024/system/CodeIgniter.php(933): App\Controllers\PlayerController->get()
#8 /var/www/html/euro2024/system/CodeIgniter.php(509): CodeIgniter\CodeIgniter->runController()
#9 /var/www/html/euro2024/system/CodeIgniter.php(355): CodeIgniter\CodeIgniter->handleRequest()
#10 /var/www/html/euro2024/system/Boot.php(312): CodeIgniter\CodeIgniter->run()
#11 /var/www/html/euro2024/system/Boot.php(67): CodeIgniter\Boot::runCodeIgniter()
#12 /var/www/html/euro2024/public/index.php(56): CodeIgniter\Boot::bootWeb()
#13 {main}
CRITICAL - 2024-05-30 10:55:43 --> CodeIgniter\Database\Exceptions\DatabaseException: Table 'euro2024.player' doesn't exist
[Method: GET, Route: api/v1/player]
in SYSTEMPATH/Database/BaseConnection.php on line 676.
 1 SYSTEMPATH/Database/BaseBuilder.php(1629): CodeIgniter\Database\BaseConnection->query()
 2 SYSTEMPATH/Model.php(275): CodeIgniter\Database\BaseBuilder->get()
 3 SYSTEMPATH/BaseModel.php(676): CodeIgniter\Model->doFindAll()
 4 APPPATH/Controllers/PlayerController.php(76): CodeIgniter\BaseModel->findAll()
 5 SYSTEMPATH/CodeIgniter.php(933): App\Controllers\PlayerController->get()
 6 SYSTEMPATH/CodeIgniter.php(509): CodeIgniter\CodeIgniter->runController()
 7 SYSTEMPATH/CodeIgniter.php(355): CodeIgniter\CodeIgniter->handleRequest()
 8 SYSTEMPATH/Boot.php(312): CodeIgniter\CodeIgniter->run()
 9 SYSTEMPATH/Boot.php(67): CodeIgniter\Boot::runCodeIgniter()
10 FCPATH/index.php(56): CodeIgniter\Boot::bootWeb()
CRITICAL - 2024-05-30 10:55:43 --> [Caused by] CodeIgniter\Database\Exceptions\DatabaseException: Table 'euro2024.player' doesn't exist
in SYSTEMPATH/Database/MySQLi/Connection.php on line 313.
 1 SYSTEMPATH/Database/BaseConnection.php(722): CodeIgniter\Database\MySQLi\Connection->execute()
 2 SYSTEMPATH/Database/BaseConnection.php(636): CodeIgniter\Database\BaseConnection->simpleQuery()
 3 SYSTEMPATH/Database/BaseBuilder.php(1629): CodeIgniter\Database\BaseConnection->query()
 4 SYSTEMPATH/Model.php(275): CodeIgniter\Database\BaseBuilder->get()
 5 SYSTEMPATH/BaseModel.php(676): CodeIgniter\Model->doFindAll()
 6 APPPATH/Controllers/PlayerController.php(76): CodeIgniter\BaseModel->findAll()
 7 SYSTEMPATH/CodeIgniter.php(933): App\Controllers\PlayerController->get()
 8 SYSTEMPATH/CodeIgniter.php(509): CodeIgniter\CodeIgniter->runController()
 9 SYSTEMPATH/CodeIgniter.php(355): CodeIgniter\CodeIgniter->handleRequest()
10 SYSTEMPATH/Boot.php(312): CodeIgniter\CodeIgniter->run()
11 SYSTEMPATH/Boot.php(67): CodeIgniter\Boot::runCodeIgniter()
12 FCPATH/index.php(56): CodeIgniter\Boot::bootWeb()
CRITICAL - 2024-05-30 10:55:43 --> [Caused by] mysqli_sql_exception: Table 'euro2024.player' doesn't exist
in SYSTEMPATH/Database/MySQLi/Connection.php on line 308.
 1 SYSTEMPATH/Database/MySQLi/Connection.php(308): mysqli->query()
 2 SYSTEMPATH/Database/BaseConnection.php(722): CodeIgniter\Database\MySQLi\Connection->execute()
 3 SYSTEMPATH/Database/BaseConnection.php(636): CodeIgniter\Database\BaseConnection->simpleQuery()
 4 SYSTEMPATH/Database/BaseBuilder.php(1629): CodeIgniter\Database\BaseConnection->query()
 5 SYSTEMPATH/Model.php(275): CodeIgniter\Database\BaseBuilder->get()
 6 SYSTEMPATH/BaseModel.php(676): CodeIgniter\Model->doFindAll()
 7 APPPATH/Controllers/PlayerController.php(76): CodeIgniter\BaseModel->findAll()
 8 SYSTEMPATH/CodeIgniter.php(933): App\Controllers\PlayerController->get()
 9 SYSTEMPATH/CodeIgniter.php(509): CodeIgniter\CodeIgniter->runController()
10 SYSTEMPATH/CodeIgniter.php(355): CodeIgniter\CodeIgniter->handleRequest()
11 SYSTEMPATH/Boot.php(312): CodeIgniter\CodeIgniter->run()
12 SYSTEMPATH/Boot.php(67): CodeIgniter\Boot::runCodeIgniter()
13 FCPATH/index.php(56): CodeIgniter\Boot::bootWeb()
CRITICAL - 2024-05-30 11:06:49 --> CodeIgniter\View\Exceptions\ViewException: Invalid file: "coach.index"
[Method: GET, Route: coach]
in SYSTEMPATH/Exceptions/FrameworkException.php on line 41.
 1 SYSTEMPATH/View/View.php(222): CodeIgniter\Exceptions\FrameworkException::forInvalidFile()
 2 SYSTEMPATH/Common.php(1171): CodeIgniter\View\View->render()
 3 APPPATH/Controllers/CoachController.php(12): view()
 4 SYSTEMPATH/CodeIgniter.php(933): App\Controllers\CoachController->index()
 5 SYSTEMPATH/CodeIgniter.php(509): CodeIgniter\CodeIgniter->runController()
 6 SYSTEMPATH/CodeIgniter.php(355): CodeIgniter\CodeIgniter->handleRequest()
 7 SYSTEMPATH/Boot.php(312): CodeIgniter\CodeIgniter->run()
 8 SYSTEMPATH/Boot.php(67): CodeIgniter\Boot::runCodeIgniter()
 9 FCPATH/index.php(56): CodeIgniter\Boot::bootWeb()
